[debug] [2022-10-09T12:26:52.505Z] ----------------------------------------------------------------------
[debug] [2022-10-09T12:26:52.507Z] Command:       C:\Program Files\nodejs\node.exe C:\Users\aadis\AppData\Roaming\npm\node_modules\firebase-tools\lib\bin\firebase.js emulators:start
[debug] [2022-10-09T12:26:52.507Z] CLI Version:   11.14.1
[debug] [2022-10-09T12:26:52.507Z] Platform:      win32
[debug] [2022-10-09T12:26:52.508Z] Node Version:  v18.7.0
[debug] [2022-10-09T12:26:52.508Z] Time:          Sun Oct 09 2022 17:56:52 GMT+0530 (India Standard Time)
[debug] [2022-10-09T12:26:52.509Z] ----------------------------------------------------------------------
[debug] 
[debug] [2022-10-09T12:26:52.599Z] > command requires scopes: ["email","openid","https://www.googleapis.com/auth/cloudplatformprojects.readonly","https://www.googleapis.com/auth/firebase","https://www.googleapis.com/auth/cloud-platform"]
[debug] [2022-10-09T12:26:52.599Z] > authorizing via signed-in user (aarushijain2801@gmail.com)
[debug] [2022-10-09T12:26:52.697Z] java version "18.0.2.1" 2022-08-18

[debug] [2022-10-09T12:26:52.697Z] Java(TM) SE Runtime Environment (build 18.0.2.1+1-1)
Java HotSpot(TM) 64-Bit Server VM (build 18.0.2.1+1-1, mixed mode, sharing)

[debug] [2022-10-09T12:26:52.718Z] Parsed Java major version: 18
[info] i  emulators: Starting emulators: functions, firestore {"metadata":{"emulator":{"name":"hub"},"message":"Starting emulators: functions, firestore"}}
[debug] [2022-10-09T12:26:52.730Z] [hub] writing locator at C:\Users\aadis\AppData\Local\Temp\hub-clone-6cf0d.json
[warn] !  functions: The following emulators are not running, calls to these services from the Functions emulator will affect production: auth, database, hosting, pubsub, storage, eventarc {"metadata":{"emulator":{"name":"functions"},"message":"The following emulators are not running, calls to these services from the Functions emulator will affect production: \u001b[1mauth, database, hosting, pubsub, storage, eventarc\u001b[22m"}}
[warn] !  Your requested "node" version "16" doesn't match your global version "18". Using node@18 from host. {"metadata":{"emulator":{"name":"functions"},"message":"Your requested \"node\" version \"16\" doesn't match your global version \"18\". Using node@18 from host."}}
[debug] [2022-10-09T12:26:52.758Z] defaultcredentials: writing to file C:\Users\aadis\AppData\Roaming\firebase\aarushijain2801_gmail_com_application_default_credentials.json
[debug] [2022-10-09T12:26:52.761Z] Setting GAC to C:\Users\aadis\AppData\Roaming\firebase\aarushijain2801_gmail_com_application_default_credentials.json {"metadata":{"emulator":{"name":"functions"},"message":"Setting GAC to C:\\Users\\aadis\\AppData\\Roaming\\firebase\\aarushijain2801_gmail_com_application_default_credentials.json"}}
[debug] [2022-10-09T12:26:52.763Z] >>> [apiv2][query] GET https://firebase.googleapis.com/v1beta1/projects/clone-6cf0d/adminSdkConfig [none]
[debug] [2022-10-09T12:26:53.661Z] <<< [apiv2][status] GET https://firebase.googleapis.com/v1beta1/projects/clone-6cf0d/adminSdkConfig 200
[debug] [2022-10-09T12:26:53.661Z] <<< [apiv2][body] GET https://firebase.googleapis.com/v1beta1/projects/clone-6cf0d/adminSdkConfig {"projectId":"clone-6cf0d","databaseURL":"https://clone-6cf0d-default-rtdb.firebaseio.com","storageBucket":"clone-6cf0d.appspot.com","locationId":"us-central"}
[debug] [2022-10-09T12:26:53.683Z] Ignoring unsupported arg: auto_download {"metadata":{"emulator":{"name":"firestore"},"message":"Ignoring unsupported arg: auto_download"}}
[debug] [2022-10-09T12:26:53.684Z] Ignoring unsupported arg: single_project_mode_error {"metadata":{"emulator":{"name":"firestore"},"message":"Ignoring unsupported arg: single_project_mode_error"}}
[debug] [2022-10-09T12:26:53.684Z] Starting Firestore Emulator with command {"binary":"java","args":["-Dgoogle.cloud_firestore.debug_log_level=FINE","-Duser.language=en","-jar","C:\\Users\\aadis\\.cache\\firebase\\emulators\\cloud-firestore-emulator-v1.15.1.jar","--host","localhost","--port",8080,"--websocket_port",9150,"--project_id","clone-6cf0d","--rules","C:\\Users\\aadis\\OneDrive\\Desktop\\Amazon-Clone\\firestore.rules","--single_project_mode",true,"--functions_emulator","localhost:5001"],"optionalArgs":["port","webchannel_port","host","rules","websocket_port","functions_emulator","seed_from_export","project_id","single_project_mode"],"joinArgs":false} {"metadata":{"emulator":{"name":"firestore"},"message":"Starting Firestore Emulator with command {\"binary\":\"java\",\"args\":[\"-Dgoogle.cloud_firestore.debug_log_level=FINE\",\"-Duser.language=en\",\"-jar\",\"C:\\\\Users\\\\aadis\\\\.cache\\\\firebase\\\\emulators\\\\cloud-firestore-emulator-v1.15.1.jar\",\"--host\",\"localhost\",\"--port\",8080,\"--websocket_port\",9150,\"--project_id\",\"clone-6cf0d\",\"--rules\",\"C:\\\\Users\\\\aadis\\\\OneDrive\\\\Desktop\\\\Amazon-Clone\\\\firestore.rules\",\"--single_project_mode\",true,\"--functions_emulator\",\"localhost:5001\"],\"optionalArgs\":[\"port\",\"webchannel_port\",\"host\",\"rules\",\"websocket_port\",\"functions_emulator\",\"seed_from_export\",\"project_id\",\"single_project_mode\"],\"joinArgs\":false}"}}
[info] i  firestore: Firestore Emulator logging to firestore-debug.log {"metadata":{"emulator":{"name":"firestore"},"message":"Firestore Emulator logging to \u001b[1mfirestore-debug.log\u001b[22m"}}
[info] +  firestore: Firestore Emulator UI websocket is running on 9150. {"metadata":{"emulator":{"name":"firestore"},"message":"Firestore Emulator UI websocket is running on 9150."}}
[warn] !  ui: Emulator UI unable to start on port 4000, starting on 4005 instead. {"metadata":{"emulator":{"name":"ui"},"message":"Emulator UI unable to start on port 4000, starting on 4005 instead."}}
[debug] [2022-10-09T12:26:54.745Z] Ignoring unsupported arg: auto_download {"metadata":{"emulator":{"name":"ui"},"message":"Ignoring unsupported arg: auto_download"}}
[debug] [2022-10-09T12:26:54.745Z] Ignoring unsupported arg: port {"metadata":{"emulator":{"name":"ui"},"message":"Ignoring unsupported arg: port"}}
[debug] [2022-10-09T12:26:54.745Z] Starting Emulator UI with command {"binary":"node","args":["C:\\Users\\aadis\\.cache\\firebase\\emulators\\ui-v1.10.0\\server\\server.js"],"optionalArgs":[],"joinArgs":false} {"metadata":{"emulator":{"name":"ui"},"message":"Starting Emulator UI with command {\"binary\":\"node\",\"args\":[\"C:\\\\Users\\\\aadis\\\\.cache\\\\firebase\\\\emulators\\\\ui-v1.10.0\\\\server\\\\server.js\"],\"optionalArgs\":[],\"joinArgs\":false}"}}
[info] i  ui: Emulator UI logging to ui-debug.log {"metadata":{"emulator":{"name":"ui"},"message":"Emulator UI logging to \u001b[1mui-debug.log\u001b[22m"}}
[debug] [2022-10-09T12:26:54.862Z] Web / API server started at localhost:4005
 {"metadata":{"emulator":{"name":"ui"},"message":"Web / API server started at localhost:4005\n"}}
[info] i  functions: Watching "C:\Users\aadis\OneDrive\Desktop\Amazon-Clone\functions" for Cloud Functions... {"metadata":{"emulator":{"name":"functions"},"message":"Watching \"C:\\Users\\aadis\\OneDrive\\Desktop\\Amazon-Clone\\functions\" for Cloud Functions..."}}
[debug] [2022-10-09T12:26:55.010Z] Validating nodejs source
[debug] [2022-10-09T12:26:57.419Z] > [functions] package.json contents: {
  "name": "functions",
  "description": "Cloud Functions for Firebase",
  "scripts": {
    "lint": "eslint .",
    "serve": "firebase emulators:start --only functions",
    "shell": "firebase functions:shell",
    "start": "npm run shell",
    "deploy": "firebase deploy --only functions",
    "logs": "firebase functions:log"
  },
  "engines": {
    "node": "16"
  },
  "main": "index.js",
  "dependencies": {
    "firebase-admin": "^10.0.2",
    "firebase-functions": "^3.18.0"
  },
  "devDependencies": {
    "eslint": "^8.9.0",
    "eslint-config-google": "^0.14.0",
    "firebase-functions-test": "^0.2.0"
  },
  "private": true
}
[debug] [2022-10-09T12:26:57.419Z] Building nodejs source
[debug] [2022-10-09T12:26:57.419Z] Analyzing nodejs backend spec
[debug] [2022-10-09T12:26:57.420Z] Could not find functions.yaml. Must use http discovery
[debug] [2022-10-09T12:26:57.621Z] Serving at port 9005

[debug] [2022-10-09T12:26:57.681Z] Got response from /__/functions.yaml {"endpoints":{},"specVersion":"v1alpha1","requiredAPIs":[]}
[debug] [2022-10-09T12:26:57.687Z] shutdown requested via /__/quitquitquit

[info] +  functions: Loaded functions definitions from source: . {"metadata":{"emulator":{"name":"functions"},"message":"Loaded functions definitions from source: ."}}
[info] 
┌─────────────────────────────────────────────────────────────┐
│ ✔  All emulators ready! It is now safe to connect your app. │
│ i  View Emulator UI at http://localhost:4005                │
└─────────────────────────────────────────────────────────────┘

┌───────────┬────────────────┬─────────────────────────────────┐
│ Emulator  │ Host:Port      │ View in Emulator UI             │
├───────────┼────────────────┼─────────────────────────────────┤
│ Functions │ localhost:5001 │ http://localhost:4005/functions │
├───────────┼────────────────┼─────────────────────────────────┤
│ Firestore │ localhost:8080 │ http://localhost:4005/firestore │
└───────────┴────────────────┴─────────────────────────────────┘
  Emulator Hub running at localhost:4400
  Other reserved ports: 4500, 9150

Issues? Report them at https://github.com/firebase/firebase-tools/issues and attach the *-debug.log files.
 
